[23-Feb-2015 04:01:22 UTC] PHP Warning:  mysqli_real_connect(): php_network_getaddresses: getaddrinfo failed: nodename nor servname provided, or not known in /Users/snapper/Documents/dev/snapgen2.metrixinteractive.com/wp-includes/wp-db.php on line 1386
[23-Feb-2015 04:01:22 UTC] PHP Warning:  mysqli_real_connect(): (HY000/2002): php_network_getaddresses: getaddrinfo failed: nodename nor servname provided, or not known in /Users/snapper/Documents/dev/snapgen2.metrixinteractive.com/wp-includes/wp-db.php on line 1386
[23-Feb-2015 04:01:22 UTC] PHP Deprecated:  mysql_connect(): The mysql extension is deprecated and will be removed in the future: use mysqli or PDO instead in /Users/snapper/Documents/dev/snapgen2.metrixinteractive.com/wp-includes/wp-db.php on line 1416
[23-Feb-2015 04:01:22 UTC] PHP Warning:  mysql_connect(): php_network_getaddresses: getaddrinfo failed: nodename nor servname provided, or not known in /Users/snapper/Documents/dev/snapgen2.metrixinteractive.com/wp-includes/wp-db.php on line 1416
[23-Feb-2015 04:01:22 UTC] PHP Warning:  mysql_connect(): php_network_getaddresses: getaddrinfo failed: nodename nor servname provided, or not known in /Users/snapper/Documents/dev/snapgen2.metrixinteractive.com/wp-includes/wp-db.php on line 1416
[23-Feb-2015 04:25:25 UTC] PHP Notice:  Undefined index: pagenow in /Users/snapper/Documents/dev/snapgen2.metrixinteractive.com/wp-content/plugins/domain-mapping/classes/Domainmap/Module.php on line 177
[23-Feb-2015 04:26:31 UTC] PHP Notice:  Undefined index: pagenow in /Users/snapper/Documents/dev/snapgen2.metrixinteractive.com/wp-content/plugins/domain-mapping/classes/Domainmap/Module.php on line 177
[23-Feb-2015 04:27:11 UTC] PHP Notice:  Undefined index: pagenow in /Users/snapper/Documents/dev/snapgen2.metrixinteractive.com/wp-content/plugins/domain-mapping/classes/Domainmap/Module.php on line 177
[23-Feb-2015 04:30:58 UTC] PHP Notice:  Undefined index: pagenow in /Users/snapper/Documents/dev/snapgen2.metrixinteractive.com/wp-content/plugins/domain-mapping/classes/Domainmap/Module.php on line 177
[18-Mar-2015 18:20:54 UTC] Response from Reverse Lookup: 
[18-Mar-2015 18:20:54 UTC] Let's Post! posting: Array
(
    [timeout] => 10
    [body] => Array
        (
            [FirstName] => Skippy
            [LastName] => Epstein
            [Test_Lead] => 0
            [SRC] => ameriquote
            [TYPE] => 19
            [Date] => March 18, 2015
            [Skip_XSL] => 1
            [Landing_Page] => landing
            [Sub_ID] => 12
            [SubSource] => 
            [Address] => 
            [Birth_Date] => 3/4/1987
            [City] => Atlanta
            [Email] => snappermorgan+scooterepstein@gmail.com
            [IP_Address] => 50.199.97.150
            [Shared_Exclusive] => Shared
            [ZipCode] => 30306
            [State] => GA
            [Age] => 
            [Gender] => Male
            [Height_Feet] => 5
            [Height_Inches] => 7
            [Primary_Phone] => (770) 650-7926
            [Weight] => 170
            [transaction_id] => 
            [isTest] => No
            [Address_2] => 
        )

)

[18-Mar-2015 18:20:55 UTC] response: Array
(
    [headers] => Array
        (
            [server] => nginx/1.6.2
            [date] => Wed, 18 Mar 2015 18:20:54 GMT
            [content-type] => text/xml
            [content-length] => 158
            [connection] => close
            [x-powered-by] => PHP/5.5.16
            [cache-control] => no-store, no-cache, no-transform, must-revalidate, private
            [expires] => 0
            [vary] => Accept-Encoding
            [content-encoding] => gzip
            [set-cookie] => metrixinter-cookie=metrixinter-lbs7; path=/
        )

    [body] => <?xml version="1.0" encoding="UTF-8"?><response>
 <status>Error</status>
 <error>Insert Error #8: Required value for field &quot;Address&quot; missing.</error>
</response>

    [response] => Array
        (
            [code] => 200
            [message] => OK
        )

    [cookies] => Array
        (
            [0] => WP_Http_Cookie Object
                (
                    [name] => metrixinter-cookie
                    [value] => metrixinter-lbs7
                    [expires] => 
                    [path] => /
                    [domain] => leads.metrixinteractive.com
                )

        )

    [filename] => 
)

[18-Mar-2015 18:20:55 UTC] Checking for success string: <status>Matched</status> in <?xml version="1.0" encoding="UTF-8"?><response>
 <status>Error</status>
 <error>Insert Error #8: Required value for field &quot;Address&quot; missing.</error>
</response>

[18-Mar-2015 18:20:55 UTC] There was not a success match but we hit remote success routine anyway
[18-Mar-2015 18:53:44 UTC] Response from Reverse Lookup: 
[18-Mar-2015 18:53:44 UTC] Let's Post! posting: Array
(
    [timeout] => 10
    [body] => Array
        (
            [FirstName] => Clyde
            [LastName] => Morgan
            [Test_Lead] => 0
            [SRC] => ameriquote
            [TYPE] => 19
            [Date] => March 18, 2015
            [Skip_XSL] => 1
            [Landing_Page] => landing
            [Sub_ID] => 12
            [SubSource] => 
            [Address] => 
            [Birth_Date] => 1/2/1984
            [City] => Atlanta
            [Email] => snappermorgan+scooterscooter@gmail.com
            [IP_Address] => 50.199.97.150
            [Shared_Exclusive] => Shared
            [ZipCode] => 30306
            [State] => GA
            [Age] => 
            [Gender] => Male
            [Height_Feet] => 5
            [Height_Inches] => 7
            [Primary_Phone] => (386) 935-3897
            [Weight] => 170
            [transaction_id] => 
            [isTest] => No
            [Address_2] => 
        )

)

[18-Mar-2015 18:53:44 UTC] response: Array
(
    [headers] => Array
        (
            [server] => nginx/1.6.2
            [date] => Wed, 18 Mar 2015 18:53:43 GMT
            [content-type] => text/xml
            [content-length] => 158
            [connection] => close
            [x-powered-by] => PHP/5.5.16
            [cache-control] => no-store, no-cache, no-transform, must-revalidate, private
            [expires] => 0
            [vary] => Accept-Encoding
            [content-encoding] => gzip
            [set-cookie] => metrixinter-cookie=metrixinter-lbs3; path=/
        )

    [body] => <?xml version="1.0" encoding="UTF-8"?><response>
 <status>Error</status>
 <error>Insert Error #8: Required value for field &quot;Address&quot; missing.</error>
</response>

    [response] => Array
        (
            [code] => 200
            [message] => OK
        )

    [cookies] => Array
        (
            [0] => WP_Http_Cookie Object
                (
                    [name] => metrixinter-cookie
                    [value] => metrixinter-lbs3
                    [expires] => 
                    [path] => /
                    [domain] => leads.metrixinteractive.com
                )

        )

    [filename] => 
)

[18-Mar-2015 18:53:44 UTC] Checking for success string: <status>Matched</status> in <?xml version="1.0" encoding="UTF-8"?><response>
 <status>Error</status>
 <error>Insert Error #8: Required value for field &quot;Address&quot; missing.</error>
</response>

[18-Mar-2015 18:53:44 UTC] There was not a success match but we hit remote success routine anyway
[18-Mar-2015 18:57:55 UTC] Response from Reverse Lookup: 
[18-Mar-2015 18:57:55 UTC] Let's Post! posting: Array
(
    [timeout] => 10
    [body] => Array
        (
            [FirstName] => Snapper
            [LastName] => Morgan
            [Test_Lead] => 0
            [SRC] => ameriquote
            [TYPE] => 19
            [Date] => March 18, 2015
            [Skip_XSL] => 1
            [Landing_Page] => landing
            [Sub_ID] => 12
            [SubSource] => 
            [Address] => 
            [Birth_Date] => 9/10/1971
            [City] => Atlanta
            [Email] => snappermorgan+apiapiapi@gmail.com
            [IP_Address] => 50.199.97.150
            [Shared_Exclusive] => Shared
            [ZipCode] => 30306
            [State] => GA
            [Age] => 
            [Gender] => Male
            [Height_Feet] => 5
            [Height_Inches] => 7
            [Primary_Phone] => (386) 935-3897
            [Weight] => 170
            [transaction_id] => 
            [isTest] => No
            [Address_2] => 
        )

)

[18-Mar-2015 18:57:56 UTC] response: Array
(
    [headers] => Array
        (
            [server] => nginx/1.6.2
            [date] => Wed, 18 Mar 2015 18:57:55 GMT
            [content-type] => text/xml
            [content-length] => 158
            [connection] => close
            [x-powered-by] => PHP/5.5.16
            [cache-control] => no-store, no-cache, no-transform, must-revalidate, private
            [expires] => 0
            [vary] => Accept-Encoding
            [content-encoding] => gzip
            [set-cookie] => metrixinter-cookie=metrixinter-lbs12; path=/
        )

    [body] => <?xml version="1.0" encoding="UTF-8"?><response>
 <status>Error</status>
 <error>Insert Error #8: Required value for field &quot;Address&quot; missing.</error>
</response>

    [response] => Array
        (
            [code] => 200
            [message] => OK
        )

    [cookies] => Array
        (
            [0] => WP_Http_Cookie Object
                (
                    [name] => metrixinter-cookie
                    [value] => metrixinter-lbs12
                    [expires] => 
                    [path] => /
                    [domain] => leads.metrixinteractive.com
                )

        )

    [filename] => 
)

[18-Mar-2015 18:57:56 UTC] Checking for success string: <status>Matched</status> in <?xml version="1.0" encoding="UTF-8"?><response>
 <status>Error</status>
 <error>Insert Error #8: Required value for field &quot;Address&quot; missing.</error>
</response>

[18-Mar-2015 18:57:56 UTC] There was not a success match but we hit remote success routine anyway
[18-Mar-2015 18:59:17 UTC] payload: Array
(
    [type] => phone
    [payload] => Array
        (
            [phone] => (386) 935-3897
        )

)

[18-Mar-2015 18:59:17 UTC] URL post:https://proapi.whitepages.com/2.0/phone.json?phone=(386) 935-3897&api_key=6876c516db49005d87c6960a077aa2c9
[18-Mar-2015 18:59:17 UTC] full whitepages response: Array
(
    [headers] => Array
        (
        )

    [body] => <html>
<head><title>400 Bad Request</title></head>
<body bgcolor="white">
<center><h1>400 Bad Request</h1></center>
<hr><center>nginx/0.7.67</center>
</body>
</html>

    [response] => Array
        (
            [code] => 0
            [message] => 
        )

    [cookies] => Array
        (
        )

    [filename] => 
)

[18-Mar-2015 18:59:17 UTC] Response from Reverse Lookup: 
[18-Mar-2015 18:59:17 UTC] Let's Post! posting: Array
(
    [timeout] => 10
    [body] => Array
        (
            [FirstName] => Snapper
            [LastName] => Morgan
            [Test_Lead] => 0
            [SRC] => ameriquote
            [TYPE] => 19
            [Date] => March 18, 2015
            [Skip_XSL] => 1
            [Landing_Page] => landing
            [Sub_ID] => 12
            [SubSource] => 
            [Address] => 
            [Birth_Date] => 9/10/1971
            [City] => Atlanta
            [Email] => snappermorgan+yoyoyo@gmail.com
            [IP_Address] => 50.199.97.150
            [Shared_Exclusive] => Shared
            [ZipCode] => 30306
            [State] => GA
            [Age] => 
            [Gender] => Male
            [Height_Feet] => 5
            [Height_Inches] => 7
            [Primary_Phone] => (386) 935-3897
            [Weight] => 170
            [transaction_id] => 
            [isTest] => No
            [Address_2] => 
        )

)

[18-Mar-2015 18:59:17 UTC] response: Array
(
    [headers] => Array
        (
            [server] => nginx/1.6.2
            [date] => Wed, 18 Mar 2015 18:59:16 GMT
            [content-type] => text/xml; charset=utf-8
            [content-length] => 175
            [connection] => close
            [x-powered-by] => PHP/5.5.16
            [cache-control] => no-store, no-cache, no-transform, must-revalidate, private
            [expires] => 0
            [vary] => Accept-Encoding
            [content-encoding] => gzip
            [set-cookie] => metrixinter-cookie=metrixinter-lbs9; path=/
        )

    [body] => <?xml version="1.0" encoding="UTF-8"?><response><status>Error</status><error>Insert Error #0: Duplicate lead value ameriquote|30306|9/10/1971|Shared within the last 10 minutes.</error></response>
    [response] => Array
        (
            [code] => 200
            [message] => OK
        )

    [cookies] => Array
        (
            [0] => WP_Http_Cookie Object
                (
                    [name] => metrixinter-cookie
                    [value] => metrixinter-lbs9
                    [expires] => 
                    [path] => /
                    [domain] => leads.metrixinteractive.com
                )

        )

    [filename] => 
)

[18-Mar-2015 18:59:17 UTC] Checking for success string: <status>Matched</status> in <?xml version="1.0" encoding="UTF-8"?><response><status>Error</status><error>Insert Error #0: Duplicate lead value ameriquote|30306|9/10/1971|Shared within the last 10 minutes.</error></response>
[18-Mar-2015 18:59:17 UTC] There was not a success match but we hit remote success routine anyway
[18-Mar-2015 19:03:55 UTC] payload: Array
(
    [type] => phone
    [payload] => Array
        (
            [phone] => (386) 935-3897
        )

)

[18-Mar-2015 19:03:55 UTC] URL post:https://proapi.whitepages.com/2.0/phone.json?phone=386 9353897&api_key=6876c516db49005d87c6960a077aa2c9
[18-Mar-2015 19:03:55 UTC] full whitepages response: Array
(
    [headers] => Array
        (
        )

    [body] => <html>
<head><title>400 Bad Request</title></head>
<body bgcolor="white">
<center><h1>400 Bad Request</h1></center>
<hr><center>nginx/0.7.67</center>
</body>
</html>

    [response] => Array
        (
            [code] => 0
            [message] => 
        )

    [cookies] => Array
        (
        )

    [filename] => 
)

[18-Mar-2015 19:03:55 UTC] Response from Reverse Lookup: 
[18-Mar-2015 19:03:55 UTC] Let's Post! posting: Array
(
    [timeout] => 10
    [body] => Array
        (
            [FirstName] => Snapper
            [LastName] => Morgan
            [Test_Lead] => 0
            [SRC] => ameriquote
            [TYPE] => 19
            [Date] => March 18, 2015
            [Skip_XSL] => 1
            [Landing_Page] => landing
            [Sub_ID] => 12
            [SubSource] => 
            [Address] => 
            [Birth_Date] => 9/10/1971
            [City] => Atlanta
            [Email] => snappermorgan+preg@gmail.com
            [IP_Address] => 50.199.97.150
            [Shared_Exclusive] => Shared
            [ZipCode] => 30306
            [State] => GA
            [Age] => 
            [Gender] => Male
            [Height_Feet] => 5
            [Height_Inches] => 7
            [Primary_Phone] => (386) 935-3897
            [Weight] => 170
            [transaction_id] => 
            [isTest] => No
            [Address_2] => 
        )

)

[18-Mar-2015 19:03:56 UTC] response: Array
(
    [headers] => Array
        (
            [server] => nginx/1.6.2
            [date] => Wed, 18 Mar 2015 19:03:55 GMT
            [content-type] => text/xml; charset=utf-8
            [content-length] => 175
            [connection] => close
            [x-powered-by] => PHP/5.5.16
            [cache-control] => no-store, no-cache, no-transform, must-revalidate, private
            [expires] => 0
            [vary] => Accept-Encoding
            [content-encoding] => gzip
            [set-cookie] => metrixinter-cookie=metrixinter-static1; path=/
        )

    [body] => <?xml version="1.0" encoding="UTF-8"?><response><status>Error</status><error>Insert Error #0: Duplicate lead value ameriquote|30306|9/10/1971|Shared within the last 10 minutes.</error></response>
    [response] => Array
        (
            [code] => 200
            [message] => OK
        )

    [cookies] => Array
        (
            [0] => WP_Http_Cookie Object
                (
                    [name] => metrixinter-cookie
                    [value] => metrixinter-static1
                    [expires] => 
                    [path] => /
                    [domain] => leads.metrixinteractive.com
                )

        )

    [filename] => 
)

[18-Mar-2015 19:03:56 UTC] Checking for success string: <status>Matched</status> in <?xml version="1.0" encoding="UTF-8"?><response><status>Error</status><error>Insert Error #0: Duplicate lead value ameriquote|30306|9/10/1971|Shared within the last 10 minutes.</error></response>
[18-Mar-2015 19:03:56 UTC] There was not a success match but we hit remote success routine anyway
[18-Mar-2015 19:06:24 UTC] payload: Array
(
    [type] => phone
    [payload] => Array
        (
            [phone] => (386) 935-3897
        )

)

[18-Mar-2015 19:06:24 UTC] URL post:https://proapi.whitepages.com/2.0/phone.json?phone=386 9353897&api_key=6876c516db49005d87c6960a077aa2c9
[18-Mar-2015 19:06:24 UTC] full whitepages response: Array
(
    [headers] => Array
        (
        )

    [body] => <html>
<head><title>400 Bad Request</title></head>
<body bgcolor="white">
<center><h1>400 Bad Request</h1></center>
<hr><center>nginx/0.7.67</center>
</body>
</html>

    [response] => Array
        (
            [code] => 0
            [message] => 
        )

    [cookies] => Array
        (
        )

    [filename] => 
)

[18-Mar-2015 19:06:24 UTC] Response from Reverse Lookup: 
[18-Mar-2015 19:06:24 UTC] Let's Post! posting: Array
(
    [timeout] => 10
    [body] => Array
        (
            [FirstName] => Snapper
            [LastName] => Morgan
            [Test_Lead] => 0
            [SRC] => ameriquote
            [TYPE] => 19
            [Date] => March 18, 2015
            [Skip_XSL] => 1
            [Landing_Page] => landing
            [Sub_ID] => 12
            [SubSource] => 
            [Address] => 
            [Birth_Date] => 9/10/1971
            [City] => Atlanta
            [Email] => snappermorgan+yucky@gmail.com
            [IP_Address] => 50.199.97.150
            [Shared_Exclusive] => Shared
            [ZipCode] => 30306
            [State] => GA
            [Age] => 
            [Gender] => Male
            [Height_Feet] => 5
            [Height_Inches] => 7
            [Primary_Phone] => (386) 935-3897
            [Weight] => 170
            [transaction_id] => 
            [isTest] => No
            [Address_2] => 
        )

)

[18-Mar-2015 19:06:25 UTC] response: Array
(
    [headers] => Array
        (
            [server] => nginx/1.6.2
            [date] => Wed, 18 Mar 2015 19:06:24 GMT
            [content-type] => text/xml; charset=utf-8
            [content-length] => 175
            [connection] => close
            [x-powered-by] => PHP/5.5.16
            [cache-control] => no-store, no-cache, no-transform, must-revalidate, private
            [expires] => 0
            [vary] => Accept-Encoding
            [content-encoding] => gzip
            [set-cookie] => metrixinter-cookie=metrixinter-lbs6; path=/
        )

    [body] => <?xml version="1.0" encoding="UTF-8"?><response><status>Error</status><error>Insert Error #0: Duplicate lead value ameriquote|30306|9/10/1971|Shared within the last 10 minutes.</error></response>
    [response] => Array
        (
            [code] => 200
            [message] => OK
        )

    [cookies] => Array
        (
            [0] => WP_Http_Cookie Object
                (
                    [name] => metrixinter-cookie
                    [value] => metrixinter-lbs6
                    [expires] => 
                    [path] => /
                    [domain] => leads.metrixinteractive.com
                )

        )

    [filename] => 
)

[18-Mar-2015 19:06:25 UTC] Checking for success string: <status>Matched</status> in <?xml version="1.0" encoding="UTF-8"?><response><status>Error</status><error>Insert Error #0: Duplicate lead value ameriquote|30306|9/10/1971|Shared within the last 10 minutes.</error></response>
[18-Mar-2015 19:06:25 UTC] There was not a success match but we hit remote success routine anyway
[18-Mar-2015 19:08:11 UTC] payload: Array
(
    [type] => phone
    [payload] => Array
        (
            [phone] => (386) 935-3897
        )

)

[18-Mar-2015 19:08:11 UTC] URL post:https://proapi.whitepages.com/2.0/phone.json?phone=3869353897&api_key=6876c516db49005d87c6960a077aa2c9
[18-Mar-2015 19:08:12 UTC] full whitepages response: Array
(
    [headers] => Array
        (
            [server] => nginx/0.7.67
            [content-type] => application/json;charset=utf-8
            [date] => Wed, 18 Mar 2015 19:08:12 GMT
            [status] => 200 OK
            [x-content-type-options] => nosniff
            [connection] => close
            [content-length] => 26120
        )

    [body] => {
 "results":[
  "Phone.4f536fef-a2e0-4b08-cfe3-bc7128b7cd43.Durable"
 ],
 "dictionary":{
  "Person.4c56775d-cd1a-44a1-8dd8-86a02c757053.Durable":{
   "id":{
    "key":"Person.4c56775d-cd1a-44a1-8dd8-86a02c757053.Durable",
    "url":"https://proapi.whitepages.com/2.0/entity/Person.4c56775d-cd1a-44a1-8dd8-86a02c757053.Durable.json?api_key=6876c516db49005d87c6960a077aa2c9",
    "type":"Person",
    "uuid":"4c56775d-cd1a-44a1-8dd8-86a02c757053",
    "durability":"Durable"
   },
   "type":"Full",
   "names":[
    {
     "salutation":null,
     "first_name":"Mary",
     "middle_name":"L",
     "last_name":"Waldron",
     "suffix":null,
     "valid_for":null
    }
   ],
   "age_range":{
    "start":65,
    "end":200
   },
   "gender":"Female",
   "locations":[
    {
     "id":{
      "key":"Location.210ae972-4282-412a-a73f-6203018c75dd.Durable",
      "url":"https://proapi.whitepages.com/2.0/entity/Location.210ae972-4282-412a-a73f-6203018c75dd.Durable.json?api_key=6876c516db49005d87c6960a077aa2c9",
      "type":"Location",
      "uuid":"210ae972-4282-412a-a73f-6203018c75dd",
      "durability":"Durable"
     },
     "valid_for":{
      "start":{
       "year":1998,
       "month":8,
       "day":10
      },
      "stop":null
     },
     "is_historical":false,
     "contact_type":"Home",
     "contact_creation_date":1362412378
    },
    {
     "id":{
      "key":"Location.69f507e9-9eef-466b-adcd-1a62838317cc.Durable",
      "url":"https://proapi.whitepages.com/2.0/entity/Location.69f507e9-9eef-466b-adcd-1a62838317cc.Durable.json?api_key=6876c516db49005d87c6960a077aa2c9",
      "type":"Location",
      "uuid":"69f507e9-9eef-466b-adcd-1a62838317cc",
      "durability":"Durable"
     },
     "valid_for":{
      "start":{
       "year":1993,
       "month":12,
       "day":1
      },
      "stop":{
       "year":1993,
       "month":12,
       "day":1
      }
     },
     "is_historical":true,
     "contact_type":"Home",
     "contact_creation_date":1362413105
    },
    {
     "id":{
      "key":"Location.c56e284d-ee90-4ce7-9d15-4067f9c55527.Durable",
      "url":"https://proapi.whitepages.com/2.0/entity/Location.c56e284d-ee90-4ce7-9d15-4067f9c55527.Durable.json?api_key=6876c516db49005d87c6960a077aa2c9",
      "type":"Location",
      "uuid":"c56e284d-ee90-4ce7-9d15-4067f9c55527",
      "durability":"Durable"
     },
     "valid_for":{
      "start":{
       "year":1985,
       "month":4,
       "day":1
      },
      "stop":{
       "year":1985,
       "month":4,
       "day":1
      }
     },
     "is_historical":true,
     "contact_type":"Home",
     "contact_creation_date":1362412927
    },
    {
     "id":{
      "key":"Location.5a2c4455-f479-46b4-8457-d9cf3268bae5.Durable",
      "url":"https://proapi.whitepages.com/2.0/entity/Location.5a2c4455-f479-46b4-8457-d9cf3268bae5.Durable.json?api_key=6876c516db49005d87c6960a077aa2c9",
      "type":"Location",
      "uuid":"5a2c4455-f479-46b4-8457-d9cf3268bae5",
      "durability":"Durable"
     },
     "valid_for":{
      "start":{
       "year":1996,
       "month":8,
       "day":1
      },
      "stop":{
       "year":1996,
       "month":8,
       "day":1
      }
     },
     "is_historical":true,
     "contact_type":"Home",
     "contact_creation_date":1362412300
    },
    {
     "id":{
      "key":"Location.336ed679-2722-462a-a1f9-0254b3ba00ea.Durable",
      "url":"https://proapi.whitepages.com/2.0/entity/Location.336ed679-2722-462a-a1f9-0254b3ba00ea.Durable.json?api_key=6876c516db49005d87c6960a077aa2c9",
      "type":"Location",
      "uuid":"336ed679-2722-462a-a1f9-0254b3ba00ea",
      "durability":"Durable"
     },
     "valid_for":{
      "start":{
       "year":1981,
       "month":4,
       "day":1
      },
      "stop":{
       "year":1988,
       "month":2,
       "day":1
      }
     },
     "is_historical":true,
     "contact_type":"Home",
     "contact_creation_date":1362413177
    },
    {
     "id":{
      "key":"Location.d57c440c-0c1d-4b54-9106-71f7a20c310b.Durable",
      "url":"https://proapi.whitepages.com/2.0/entity/Location.d57c440c-0c1d-4b54-9106-71f7a20c310b.Durable.json?api_key=6876c516db49005d87c6960a077aa2c9",
      "type":"Location",
      "uuid":"d57c440c-0c1d-4b54-9106-71f7a20c310b",
      "durability":"Durable"
     },
     "valid_for":{
      "start":{
       "year":1985,
       "month":4,
       "day":1
      },
      "stop":{
       "year":1985,
       "month":4,
       "day":1
      }
     },
     "is_historical":true,
     "contact_type":"Home",
     "contact_creation_date":1362412241
    }
   ],
   "phones":[],
   "best_name":"Mary L Waldron",
   "best_location":{
    "id":{
     "key":"Location.210ae972-4282-412a-a73f-6203018c75dd.Durable",
     "url":"https://proapi.whitepages.com/2.0/entity/Location.210ae972-4282-412a-a73f-6203018c75dd.Durable.json?api_key=6876c516db49005d87c6960a077aa2c9",
     "type":"Location",
     "uuid":"210ae972-4282-412a-a73f-6203018c75dd",
     "durability":"Durable"
    }
   }
  },
  "Person.9d502768-df67-4c1d-8e7f-9506b6caf800.Durable":{
   "id":{
    "key":"Person.9d502768-df67-4c1d-8e7f-9506b6caf800.Durable",
    "url":"https://proapi.whitepages.com/2.0/entity/Person.9d502768-df67-4c1d-8e7f-9506b6caf800.Durable.json?api_key=6876c516db49005d87c6960a077aa2c9",
    "type":"Person",
    "uuid":"9d502768-df67-4c1d-8e7f-9506b6caf800",
    "durability":"Durable"
   },
   "type":"Full",
   "names":[
    {
     "salutation":null,
     "first_name":"Russell",
     "middle_name":"C",
     "last_name":"Dees",
     "suffix":null,
     "valid_for":null
    }
   ],
   "age_range":{
    "start":65,
    "end":200
   },
   "gender":"Male",
   "locations":[
    {
     "id":{
      "key":"Location.210ae972-4282-412a-a73f-6203018c75dd.Durable",
      "url":"https://proapi.whitepages.com/2.0/entity/Location.210ae972-4282-412a-a73f-6203018c75dd.Durable.json?api_key=6876c516db49005d87c6960a077aa2c9",
      "type":"Location",
      "uuid":"210ae972-4282-412a-a73f-6203018c75dd",
      "durability":"Durable"
     },
     "valid_for":{
      "start":{
       "year":1998,
       "month":8,
       "day":1
      },
      "stop":null
     },
     "is_historical":false,
     "contact_type":"Home",
     "contact_creation_date":1398951335
    }
   ],
   "phones":[
    {
     "id":{
      "key":"Phone.4f536fef-a2e0-4b08-cfe3-bc7128b7cd43.Durable",
      "url":"https://proapi.whitepages.com/2.0/entity/Phone.4f536fef-a2e0-4b08-cfe3-bc7128b7cd43.Durable.json?api_key=6876c516db49005d87c6960a077aa2c9",
      "type":"Phone",
      "uuid":"4f536fef-a2e0-4b08-cfe3-bc7128b7cd43",
      "durability":"Durable"
     },
     "valid_for":null,
     "contact_type":"Home",
     "contact_creation_date":1399006630
    }
   ],
   "best_name":"Russell C Dees",
   "best_location":{
    "id":{
     "key":"Location.210ae972-4282-412a-a73f-6203018c75dd.Durable",
     "url":"https://proapi.whitepages.com/2.0/entity/Location.210ae972-4282-412a-a73f-6203018c75dd.Durable.json?api_key=6876c516db49005d87c6960a077aa2c9",
     "type":"Location",
     "uuid":"210ae972-4282-412a-a73f-6203018c75dd",
     "durability":"Durable"
    }
   }
  },
  "Person.e926d61b-29da-45da-8c57-3ba2418c7f7f.Durable":{
   "id":{
    "key":"Person.e926d61b-29da-45da-8c57-3ba2418c7f7f.Durable",
    "url":"https://proapi.whitepages.com/2.0/entity/Person.e926d61b-29da-45da-8c57-3ba2418c7f7f.Durable.json?api_key=6876c516db49005d87c6960a077aa2c9",
    "type":"Person",
    "uuid":"e926d61b-29da-45da-8c57-3ba2418c7f7f",
    "durability":"Durable"
   },
   "type":"Full",
   "names":[
    {
     "salutation":null,
     "first_name":"Shawn",
     "middle_name":"M",
     "last_name":"Waldron",
     "suffix":null,
     "valid_for":null
    }
   ],
   "age_range":{
    "start":35,
    "end":39
   },
   "gender":"Male",
   "locations":[
    {
     "id":{
      "key":"Location.210ae972-4282-412a-a73f-6203018c75dd.Durable",
      "url":"https://proapi.whitepages.com/2.0/entity/Location.210ae972-4282-412a-a73f-6203018c75dd.Durable.json?api_key=6876c516db49005d87c6960a077aa2c9",
      "type":"Location",
      "uuid":"210ae972-4282-412a-a73f-6203018c75dd",
      "durability":"Durable"
     },
     "valid_for":{
      "start":{
       "year":2001,
       "month":1,
       "day":1
      },
      "stop":null
     },
     "is_historical":false,
     "contact_type":"Home",
     "contact_creation_date":1398951335
    },
    {
     "id":{
      "key":"Location.2c9a1bb8-aedf-4c17-a4f2-8ef8a641db7d.Durable",
      "url":"https://proapi.whitepages.com/2.0/entity/Location.2c9a1bb8-aedf-4c17-a4f2-8ef8a641db7d.Durable.json?api_key=6876c516db49005d87c6960a077aa2c9",
      "type":"Location",
      "uuid":"2c9a1bb8-aedf-4c17-a4f2-8ef8a641db7d",
      "durability":"Durable"
     },
     "valid_for":{
      "start":{
       "year":2005,
       "month":3,
       "day":1
      },
      "stop":{
       "year":2005,
       "month":11,
       "day":1
      }
     },
     "is_historical":true,
     "contact_type":"Home",
     "contact_creation_date":1398951568
    },
    {
     "id":{
      "key":"Location.f1880e1c-d3af-4214-b126-cdb8abff6c32.Durable",
      "url":"https://proapi.whitepages.com/2.0/entity/Location.f1880e1c-d3af-4214-b126-cdb8abff6c32.Durable.json?api_key=6876c516db49005d87c6960a077aa2c9",
      "type":"Location",
      "uuid":"f1880e1c-d3af-4214-b126-cdb8abff6c32",
      "durability":"Durable"
     },
     "valid_for":{
      "start":{
       "year":1981,
       "month":10,
       "day":1
      },
      "stop":{
       "year":1999,
       "month":1,
       "day":1
      }
     },
     "is_historical":true,
     "contact_type":"Home",
     "contact_creation_date":1398951555
    },
    {
     "id":{
      "key":"Location.32f2e34d-7fc7-4bbb-be46-65144b9c0928.Durable",
      "url":"https://proapi.whitepages.com/2.0/entity/Location.32f2e34d-7fc7-4bbb-be46-65144b9c0928.Durable.json?api_key=6876c516db49005d87c6960a077aa2c9",
      "type":"Location",
      "uuid":"32f2e34d-7fc7-4bbb-be46-65144b9c0928",
      "durability":"Durable"
     },
     "valid_for":{
      "start":{
       "year":2000,
       "month":12,
       "day":1
      },
      "stop":{
       "year":2002,
       "month":4,
       "day":1
      }
     },
     "is_historical":true,
     "contact_type":"Home",
     "contact_creation_date":1398951294
    },
    {
     "id":{
      "key":"Location.72e00e74-80bd-4efe-b3c4-c708e49c6288.Durable",
      "url":"https://proapi.whitepages.com/2.0/entity/Location.72e00e74-80bd-4efe-b3c4-c708e49c6288.Durable.json?api_key=6876c516db49005d87c6960a077aa2c9",
      "type":"Location",
      "uuid":"72e00e74-80bd-4efe-b3c4-c708e49c6288",
      "durability":"Durable"
     },
     "valid_for":{
      "start":{
       "year":2009,
       "month":9,
       "day":1
      },
      "stop":{
       "year":2009,
       "month":9,
       "day":1
      }
     },
     "is_historical":true,
     "contact_type":"Home",
     "contact_creation_date":1398951049
    },
    {
     "id":{
      "key":"Location.b4663276-ac2e-4b6a-a4ad-f098d9dd9570.Durable",
      "url":"https://proapi.whitepages.com/2.0/entity/Location.b4663276-ac2e-4b6a-a4ad-f098d9dd9570.Durable.json?api_key=6876c516db49005d87c6960a077aa2c9",
      "type":"Location",
      "uuid":"b4663276-ac2e-4b6a-a4ad-f098d9dd9570",
      "durability":"Durable"
     },
     "valid_for":{
      "start":{
       "year":1990,
       "month":1,
       "day":1
      },
      "stop":{
       "year":1990,
       "month":1,
       "day":1
      }
     },
     "is_historical":true,
     "contact_type":"Home",
     "contact_creation_date":1398951568
    },
    {
     "id":{
      "key":"Location.3a18d122-ecd4-4bab-8d99-cceb8d0bcf75.Durable",
      "url":"https://proapi.whitepages.com/2.0/entity/Location.3a18d122-ecd4-4bab-8d99-cceb8d0bcf75.Durable.json?api_key=6876c516db49005d87c6960a077aa2c9",
      "type":"Location",
      "uuid":"3a18d122-ecd4-4bab-8d99-cceb8d0bcf75",
      "durability":"Durable"
     },
     "valid_for":{
      "start":{
       "year":1989,
       "month":8,
       "day":1
      },
      "stop":{
       "year":1989,
       "month":8,
       "day":1
      }
     },
     "is_historical":true,
     "contact_type":"Home",
     "contact_creation_date":1398951294
    },
    {
     "id":{
      "key":"Location.5a2c4455-f479-46b4-8457-d9cf3268bae5.Durable",
      "url":"https://proapi.whitepages.com/2.0/entity/Location.5a2c4455-f479-46b4-8457-d9cf3268bae5.Durable.json?api_key=6876c516db49005d87c6960a077aa2c9",
      "type":"Location",
      "uuid":"5a2c4455-f479-46b4-8457-d9cf3268bae5",
      "durability":"Durable"
     },
     "valid_for":{
      "start":{
       "year":2000,
       "month":7,
       "day":1
      },
      "stop":{
       "year":2000,
       "month":12,
       "day":1
      }
     },
     "is_historical":true,
     "contact_type":"Home",
     "contact_creation_date":1398951030
    },
    {
     "id":{
      "key":"Location.2171ab16-7ad1-48d7-ac8a-ef4fb76f10a6.Durable",
      "url":"https://proapi.whitepages.com/2.0/entity/Location.2171ab16-7ad1-48d7-ac8a-ef4fb76f10a6.Durable.json?api_key=6876c516db49005d87c6960a077aa2c9",
      "type":"Location",
      "uuid":"2171ab16-7ad1-48d7-ac8a-ef4fb76f10a6",
      "durability":"Durable"
     },
     "valid_for":{
      "start":{
       "year":1990,
       "month":9,
       "day":1
      },
      "stop":{
       "year":1990,
       "month":12,
       "day":1
      }
     },
     "is_historical":true,
     "contact_type":"Home",
     "contact_creation_date":1398951299
    },
    {
     "id":{
      "key":"Location.4468e334-fd0e-45c1-a807-b5690227fcae.Durable",
      "url":"https://proapi.whitepages.com/2.0/entity/Location.4468e334-fd0e-45c1-a807-b5690227fcae.Durable.json?api_key=6876c516db49005d87c6960a077aa2c9",
      "type":"Location",
      "uuid":"4468e334-fd0e-45c1-a807-b5690227fcae",
      "durability":"Durable"
     },
     "valid_for":{
      "start":{
       "year":1990,
       "month":10,
       "day":1
      },
      "stop":{
       "year":1992,
       "month":12,
       "day":1
      }
     },
     "is_historical":true,
     "contact_type":"Home",
     "contact_creation_date":1398950817
    },
    {
     "id":{
      "key":"Location.85724fc5-717b-4ec4-b743-695e87197cc9.Durable",
      "url":"https://proapi.whitepages.com/2.0/entity/Location.85724fc5-717b-4ec4-b743-695e87197cc9.Durable.json?api_key=6876c516db49005d87c6960a077aa2c9",
      "type":"Location",
      "uuid":"85724fc5-717b-4ec4-b743-695e87197cc9",
      "durability":"Durable"
     },
     "valid_for":{
      "start":{
       "year":1990,
       "month":9,
       "day":1
      },
      "stop":{
       "year":1991,
       "month":12,
       "day":1
      }
     },
     "is_historical":true,
     "contact_type":"Home",
     "contact_creation_date":1398951754
    },
    {
     "id":{
      "key":"Location.b538f6c8-e89d-4b9f-8d6a-64ff7cd67d5d.Durable",
      "url":"https://proapi.whitepages.com/2.0/entity/Location.b538f6c8-e89d-4b9f-8d6a-64ff7cd67d5d.Durable.json?api_key=6876c516db49005d87c6960a077aa2c9",
      "type":"Location",
      "uuid":"b538f6c8-e89d-4b9f-8d6a-64ff7cd67d5d",
      "durability":"Durable"
     },
     "valid_for":{
      "start":{
       "year":1996,
       "month":7,
       "day":1
      },
      "stop":{
       "year":2003,
       "month":4,
       "day":1
      }
     },
     "is_historical":true,
     "contact_type":"Home",
     "contact_creation_date":1398950776
    },
    {
     "id":{
      "key":"Location.524544b8-7ec4-4ab8-837a-e50a4311a3a0.Durable",
      "url":"https://proapi.whitepages.com/2.0/entity/Location.524544b8-7ec4-4ab8-837a-e50a4311a3a0.Durable.json?api_key=6876c516db49005d87c6960a077aa2c9",
      "type":"Location",
      "uuid":"524544b8-7ec4-4ab8-837a-e50a4311a3a0",
      "durability":"Durable"
     },
     "valid_for":{
      "start":{
       "year":2003,
       "month":8,
       "day":1
      },
      "stop":{
       "year":2004,
       "month":3,
       "day":1
      }
     },
     "is_historical":true,
     "contact_type":"Home",
     "contact_creation_date":1384464506
    },
    {
     "id":{
      "key":"Location.615dd865-03c8-4328-8dfc-bd2cca828f2a.Durable",
      "url":"https://proapi.whitepages.com/2.0/entity/Location.615dd865-03c8-4328-8dfc-bd2cca828f2a.Durable.json?api_key=6876c516db49005d87c6960a077aa2c9",
      "type":"Location",
      "uuid":"615dd865-03c8-4328-8dfc-bd2cca828f2a",
      "durability":"Durable"
     },
     "valid_for":{
      "start":{
       "year":2000,
       "month":8,
       "day":1
      },
      "stop":{
       "year":2003,
       "month":1,
       "day":1
      }
     },
     "is_historical":true,
     "contact_type":"Home",
     "contact_creation_date":1398951796
    },
    {
     "id":{
      "key":"Location.c8ed8ff4-c5d1-4316-8e76-9ba04bbe058a.Durable",
      "url":"https://proapi.whitepages.com/2.0/entity/Location.c8ed8ff4-c5d1-4316-8e76-9ba04bbe058a.Durable.json?api_key=6876c516db49005d87c6960a077aa2c9",
      "type":"Location",
      "uuid":"c8ed8ff4-c5d1-4316-8e76-9ba04bbe058a",
      "durability":"Durable"
     },
     "valid_for":{
      "start":{
       "year":1987,
       "month":10,
       "day":1
      },
      "stop":{
       "year":1988,
       "month":1,
       "day":1
      }
     },
     "is_historical":true,
     "contact_type":"Home",
     "contact_creation_date":1398951333
    },
    {
     "id":{
      "key":"Location.9089e531-9a05-4c8a-98e3-e66ddf139f93.Durable",
      "url":"https://proapi.whitepages.com/2.0/entity/Location.9089e531-9a05-4c8a-98e3-e66ddf139f93.Durable.json?api_key=6876c516db49005d87c6960a077aa2c9",
      "type":"Location",
      "uuid":"9089e531-9a05-4c8a-98e3-e66ddf139f93",
      "durability":"Durable"
     },
     "valid_for":{
      "start":{
       "year":2009,
       "month":9,
       "day":1
      },
      "stop":{
       "year":2009,
       "month":9,
       "day":1
      }
     },
     "is_historical":true,
     "contact_type":"Home",
     "contact_creation_date":1398950570
    },
    {
     "id":{
      "key":"Location.10a608d4-0d60-46d8-a174-c05a7c693ec7.Durable",
      "url":"https://proapi.whitepages.com/2.0/entity/Location.10a608d4-0d60-46d8-a174-c05a7c693ec7.Durable.json?api_key=6876c516db49005d87c6960a077aa2c9",
      "type":"Location",
      "uuid":"10a608d4-0d60-46d8-a174-c05a7c693ec7",
      "durability":"Durable"
     },
     "valid_for":{
      "start":{
       "year":2010,
       "month":9,
       "day":1
      },
      "stop":{
       "year":2011,
       "month":1,
       "day":1
      }
     },
     "is_historical":true,
     "contact_type":"Home",
     "contact_creation_date":1362413147
    },
    {
     "id":{
      "key":"Location.f4dcc3c8-673b-43fd-a842-c7aabbb9018d.Durable",
      "url":"https://proapi.whitepages.com/2.0/entity/Location.f4dcc3c8-673b-43fd-a842-c7aabbb9018d.Durable.json?api_key=6876c516db49005d87c6960a077aa2c9",
      "type":"Location",
      "uuid":"f4dcc3c8-673b-43fd-a842-c7aabbb9018d",
      "durability":"Durable"
     },
     "valid_for":{
      "start":{
       "year":2003,
       "month":8,
       "day":1
      },
      "stop":{
       "year":2003,
       "month":12,
       "day":1
      }
     },
     "is_historical":true,
     "contact_type":"Home",
     "contact_creation_date":1406083731
    },
    {
     "id":{
      "key":"Location.12c86ecd-7b10-4f5c-9978-6b4729719397.Durable",
      "url":"https://proapi.whitepages.com/2.0/entity/Location.12c86ecd-7b10-4f5c-9978-6b4729719397.Durable.json?api_key=6876c516db49005d87c6960a077aa2c9",
      "type":"Location",
      "uuid":"12c86ecd-7b10-4f5c-9978-6b4729719397",
      "durability":"Durable"
     },
     "valid_for":{
      "start":{
       "year":1992,
       "month":3,
       "day":1
      },
      "stop":{
       "year":1992,
       "month":12,
       "day":1
      }
     },
     "is_historical":true,
     "contact_type":"Home",
     "contact_creation_date":1398951532
    }
   ],
   "phones":[],
   "best_name":"Shawn M Waldron",
   "best_location":{
    "id":{
     "key":"Location.210ae972-4282-412a-a73f-6203018c75dd.Durable",
     "url":"https://proapi.whitepages.com/2.0/entity/Location.210ae972-4282-412a-a73f-6203018c75dd.Durable.json?api_key=6876c516db49005d87c6960a077aa2c9",
     "type":"Location",
     "uuid":"210ae972-4282-412a-a73f-6203018c75dd",
     "durability":"Durable"
    }
   }
  },
  "Location.f598eaac-b935-49e9-8362-ab533e102603.Durable":{
   "id":{
    "key":"Location.f598eaac-b935-49e9-8362-ab533e102603.Durable",
    "url":"https://proapi.whitepages.com/2.0/entity/Location.f598eaac-b935-49e9-8362-ab533e102603.Durable.json?api_key=6876c516db49005d87c6960a077aa2c9",
    "type":"Location",
    "uuid":"f598eaac-b935-49e9-8362-ab533e102603",
    "durability":"Durable"
   },
   "type":"CityPostalCode",
   "valid_for":null,
   "legal_entities_at":null,
   "city":"Branford",
   "postal_code":"32008",
   "zip4":null,
   "state_code":"FL",
   "country_code":"US",
   "address":"Branford FL 32008",
   "house":null,
   "street_name":null,
   "street_type":null,
   "pre_dir":null,
   "post_dir":null,
   "apt_number":null,
   "apt_type":null,
   "box_number":null,
   "is_receiving_mail":null,
   "not_receiving_mail_reason":null,
   "usage":null,
   "delivery_point":null,
   "box_type":null,
   "address_type":null,
   "lat_long":{
    "latitude":29.9527,
    "longitude":-82.8668,
    "accuracy":"PostalCode"
   },
   "is_deliverable":null,
   "standard_address_line1":"",
   "standard_address_line2":"",
   "standard_address_location":"Branford FL 32008"
  },
  "Location.210ae972-4282-412a-a73f-6203018c75dd.Durable":{
   "id":{
    "key":"Location.210ae972-4282-412a-a73f-6203018c75dd.Durable",
    "url":"https://proapi.whitepages.com/2.0/entity/Location.210ae972-4282-412a-a73f-6203018c75dd.Durable.json?api_key=6876c516db49005d87c6960a077aa2c9",
    "type":"Location",
    "uuid":"210ae972-4282-412a-a73f-6203018c75dd",
    "durability":"Durable"
   },
   "type":"Address",
   "valid_for":null,
   "legal_entities_at":[
    {
     "id":{
      "key":"Person.e926d61b-29da-45da-8c57-3ba2418c7f7f.Durable",
      "url":"https://proapi.whitepages.com/2.0/entity/Person.e926d61b-29da-45da-8c57-3ba2418c7f7f.Durable.json?api_key=6876c516db49005d87c6960a077aa2c9",
      "type":"Person",
      "uuid":"e926d61b-29da-45da-8c57-3ba2418c7f7f",
      "durability":"Durable"
     },
     "valid_for":null,
     "is_historical":false
    },
    {
     "id":{
      "key":"Person.4c56775d-cd1a-44a1-8dd8-86a02c757053.Durable",
      "url":"https://proapi.whitepages.com/2.0/entity/Person.4c56775d-cd1a-44a1-8dd8-86a02c757053.Durable.json?api_key=6876c516db49005d87c6960a077aa2c9",
      "type":"Person",
      "uuid":"4c56775d-cd1a-44a1-8dd8-86a02c757053",
      "durability":"Durable"
     },
     "valid_for":null,
     "is_historical":false
    },
    {
     "id":{
      "key":"Person.9d502768-df67-4c1d-8e7f-9506b6caf800.Durable",
      "url":"https://proapi.whitepages.com/2.0/entity/Person.9d502768-df67-4c1d-8e7f-9506b6caf800.Durable.json?api_key=6876c516db49005d87c6960a077aa2c9",
      "type":"Person",
      "uuid":"9d502768-df67-4c1d-8e7f-9506b6caf800",
      "durability":"Durable"
     },
     "valid_for":{
      "start":{
       "year":1998,
       "month":8,
       "day":1
      },
      "stop":null
     },
     "is_historical":false
    }
   ],
   "city":"Branford",
   "postal_code":"32008",
   "zip4":"6938",
   "state_code":"FL",
   "country_code":"US",
   "address":"10920 NE 2nd Way, Branford FL 32008-6938",
   "house":"10920",
   "street_name":"2nd",
   "street_type":"Way",
   "pre_dir":"NE",
   "post_dir":null,
   "apt_number":null,
   "apt_type":null,
   "box_number":null,
   "is_receiving_mail":true,
   "not_receiving_mail_reason":null,
   "usage":"Residential",
   "delivery_point":"SingleUnit",
   "box_type":null,
   "address_type":"Street",
   "lat_long":{
    "latitude":29.8961124420166,
    "longitude":-82.8027496337891,
    "accuracy":"RoofTop"
   },
   "is_deliverable":true,
   "standard_address_line1":"10920 NE 2nd Way",
   "standard_address_line2":"",
   "standard_address_location":"Branford FL 32008-6938"
  },
  "Phone.4f536fef-a2e0-4b08-cfe3-bc7128b7cd43.Durable":{
   "id":{
    "key":"Phone.4f536fef-a2e0-4b08-cfe3-bc7128b7cd43.Durable",
    "url":"https://proapi.whitepages.com/2.0/entity/Phone.4f536fef-a2e0-4b08-cfe3-bc7128b7cd43.Durable.json?api_key=6876c516db49005d87c6960a077aa2c9",
    "type":"Phone",
    "uuid":"4f536fef-a2e0-4b08-cfe3-bc7128b7cd43",
    "durability":"Durable"
   },
   "line_type":"Landline",
   "belongs_to":[
    {
     "id":{
      "key":"Person.9d502768-df67-4c1d-8e7f-9506b6caf800.Durable",
      "url":"https://proapi.whitepages.com/2.0/entity/Person.9d502768-df67-4c1d-8e7f-9506b6caf800.Durable.json?api_key=6876c516db49005d87c6960a077aa2c9",
      "type":"Person",
      "uuid":"9d502768-df67-4c1d-8e7f-9506b6caf800",
      "durability":"Durable"
     },
     "valid_for":null,
     "is_historical":false
    }
   ],
   "associated_locations":[
    {
     "id":{
      "key":"Location.f598eaac-b935-49e9-8362-ab533e102603.Durable",
      "url":"https://proapi.whitepages.com/2.0/entity/Location.f598eaac-b935-49e9-8362-ab533e102603.Durable.json?api_key=6876c516db49005d87c6960a077aa2c9",
      "type":"Location",
      "uuid":"f598eaac-b935-49e9-8362-ab533e102603",
      "durability":"Durable"
     },
     "valid_for":null,
     "is_historical":false,
     "contact_type":null,
     "contact_creation_date":null
    }
   ],
   "is_valid":true,
   "phone_number":"3869353897",
   "country_calling_code":"1",
   "extension":null,
   "carrier":"Windstream Communications",
   "do_not_call":true,
   "reputation":{
    "spam_score":0
   },
   "is_prepaid":false,
   "best_location":{
    "id":{
     "key":"Location.f598eaac-b935-49e9-8362-ab533e102603.Durable",
     "url":"https://proapi.whitepages.com/2.0/entity/Location.f598eaac-b935-49e9-8362-ab533e102603.Durable.json?api_key=6876c516db49005d87c6960a077aa2c9",
     "type":"Location",
     "uuid":"f598eaac-b935-49e9-8362-ab533e102603",
     "durability":"Durable"
    }
   }
  }
 },
 "messages":[]
}

    [response] => Array
        (
            [code] => 200
            [message] => OK
        )

    [cookies] => Array
        (
        )

    [filename] => 
)

[18-Mar-2015 19:08:12 UTC] Response from Reverse Lookup: stdClass Object
(
    [id] => stdClass Object
        (
            [key] => Location.210ae972-4282-412a-a73f-6203018c75dd.Durable
            [url] => https://proapi.whitepages.com/2.0/entity/Location.210ae972-4282-412a-a73f-6203018c75dd.Durable.json?api_key=6876c516db49005d87c6960a077aa2c9
            [type] => Location
            [uuid] => 210ae972-4282-412a-a73f-6203018c75dd
            [durability] => Durable
        )

    [type] => Address
    [valid_for] => 
    [legal_entities_at] => Array
        (
            [0] => stdClass Object
                (
                    [id] => stdClass Object
                        (
                            [key] => Person.e926d61b-29da-45da-8c57-3ba2418c7f7f.Durable
                            [url] => https://proapi.whitepages.com/2.0/entity/Person.e926d61b-29da-45da-8c57-3ba2418c7f7f.Durable.json?api_key=6876c516db49005d87c6960a077aa2c9
                            [type] => Person
                            [uuid] => e926d61b-29da-45da-8c57-3ba2418c7f7f
                            [durability] => Durable
                        )

                    [valid_for] => 
                    [is_historical] => 
                )

            [1] => stdClass Object
                (
                    [id] => stdClass Object
                        (
                            [key] => Person.4c56775d-cd1a-44a1-8dd8-86a02c757053.Durable
                            [url] => https://proapi.whitepages.com/2.0/entity/Person.4c56775d-cd1a-44a1-8dd8-86a02c757053.Durable.json?api_key=6876c516db49005d87c6960a077aa2c9
                            [type] => Person
                            [uuid] => 4c56775d-cd1a-44a1-8dd8-86a02c757053
                            [durability] => Durable
                        )

                    [valid_for] => 
                    [is_historical] => 
                )

            [2] => stdClass Object
                (
                    [id] => stdClass Object
                        (
                            [key] => Person.9d502768-df67-4c1d-8e7f-9506b6caf800.Durable
                            [url] => https://proapi.whitepages.com/2.0/entity/Person.9d502768-df67-4c1d-8e7f-9506b6caf800.Durable.json?api_key=6876c516db49005d87c6960a077aa2c9
                            [type] => Person
                            [uuid] => 9d502768-df67-4c1d-8e7f-9506b6caf800
                            [durability] => Durable
                        )

                    [valid_for] => stdClass Object
                        (
                            [start] => stdClass Object
                                (
                                    [year] => 1998
                                    [month] => 8
                                    [day] => 1
                                )

                            [stop] => 
                        )

                    [is_historical] => 
                )

        )

    [city] => Branford
    [postal_code] => 32008
    [zip4] => 6938
    [state_code] => FL
    [country_code] => US
    [address] => 10920 NE 2nd Way, Branford FL 32008-6938
    [house] => 10920
    [street_name] => 2nd
    [street_type] => Way
    [pre_dir] => NE
    [post_dir] => 
    [apt_number] => 
    [apt_type] => 
    [box_number] => 
    [is_receiving_mail] => 1
    [not_receiving_mail_reason] => 
    [usage] => Residential
    [delivery_point] => SingleUnit
    [box_type] => 
    [address_type] => Street
    [lat_long] => stdClass Object
        (
            [latitude] => 29.896112442017
            [longitude] => -82.802749633789
            [accuracy] => RoofTop
        )

    [is_deliverable] => 1
    [standard_address_line1] => 10920 NE 2nd Way
    [standard_address_line2] => 
    [standard_address_location] => Branford FL 32008-6938
)

[18-Mar-2015 19:08:12 UTC] Let's Post! posting: Array
(
    [timeout] => 10
    [body] => Array
        (
            [FirstName] => Snapper
            [LastName] => Morgan
            [Test_Lead] => 0
            [SRC] => ameriquotematch
            [TYPE] => 19
            [Date] => March 18, 2015
            [Skip_XSL] => 1
            [Landing_Page] => landing
            [Sub_ID] => 12
            [SubSource] => 
            [Address] => 
            [Birth_Date] => 9/10/1971
            [City] => Branford
            [Email] => snappermorgan+arfarf@gmail.com
            [IP_Address] => 50.199.97.150
            [Shared_Exclusive] => Shared
            [ZipCode] => 32008-6938
            [State] => FL
            [Age] => 
            [Gender] => Male
            [Height_Feet] => 5
            [Height_Inches] => 7
            [Primary_Phone] => (386) 935-3897
            [Weight] => 170
            [transaction_id] => 
            [isTest] => No
            [Address_2] => 
        )

)

[18-Mar-2015 19:08:12 UTC] response: Array
(
    [headers] => Array
        (
            [server] => nginx/1.6.2
            [date] => Wed, 18 Mar 2015 19:08:11 GMT
            [content-type] => text/xml
            [content-length] => 158
            [connection] => close
            [x-powered-by] => PHP/5.5.16
            [cache-control] => no-store, no-cache, no-transform, must-revalidate, private
            [expires] => 0
            [vary] => Accept-Encoding
            [content-encoding] => gzip
            [set-cookie] => metrixinter-cookie=metrixinter-lbs3; path=/
        )

    [body] => <?xml version="1.0" encoding="UTF-8"?><response>
 <status>Error</status>
 <error>Insert Error #8: Required value for field &quot;Address&quot; missing.</error>
</response>

    [response] => Array
        (
            [code] => 200
            [message] => OK
        )

    [cookies] => Array
        (
            [0] => WP_Http_Cookie Object
                (
                    [name] => metrixinter-cookie
                    [value] => metrixinter-lbs3
                    [expires] => 
                    [path] => /
                    [domain] => leads.metrixinteractive.com
                )

        )

    [filename] => 
)

[18-Mar-2015 19:08:12 UTC] Checking for success string: <status>Matched</status> in <?xml version="1.0" encoding="UTF-8"?><response>
 <status>Error</status>
 <error>Insert Error #8: Required value for field &quot;Address&quot; missing.</error>
</response>

[18-Mar-2015 19:08:12 UTC] There was not a success match but we hit remote success routine anyway
[20-Mar-2015 09:55:48 UTC] PHP Fatal error:  Class 'WPBakeryVisualComposerSettings' not found in /var/www/vhosts/snapgen2-dev/snapgen2/wp-content/plugins/templatera/lib/vc_template_manager.php on line 507
[20-Mar-2015 09:55:50 UTC] PHP Fatal error:  Class 'WPBakeryVisualComposerSettings' not found in /var/www/vhosts/snapgen2-dev/snapgen2/wp-content/plugins/templatera/lib/vc_template_manager.php on line 507
